<?xml version="1.0" encoding="UTF-8"?>
<!-- Generated by org.testng.reporters.JUnitReportReporter -->
<testsuite hostname="IN01L0458" name="com.qa.basic_selenium.practice" tests="1" failures="0" timestamp="22 Jun 2021 06:46:09 GMT" time="0.425" errors="0">
  <testcase name="test4" time="0.425" classname="com.qa.basic_selenium.practice"/>
</testsuite> <!-- com.qa.basic_selenium.practice -->
