<?xml version="1.0" encoding="UTF-8"?>
<!-- Generated by org.testng.reporters.JUnitReportReporter -->
<testsuite hostname="IN01L0458" name="com.qa.basic_selenium.GoogleTest" tests="3" failures="0" timestamp="22 Jun 2021 05:35:51 GMT" time="0.008" errors="0">
  <testcase name="test7" time="0.007" classname="com.qa.basic_selenium.GoogleTest"/>
  <testcase name="test7" time="0.000" classname="com.qa.basic_selenium.GoogleTest"/>
  <testcase name="test7" time="0.001" classname="com.qa.basic_selenium.GoogleTest"/>
</testsuite> <!-- com.qa.basic_selenium.GoogleTest -->
